[ 2016-11-22T15:24:20+08:00 ] 127.0.0.1 /wedding/Public/jquery-jdstb931920160925/jquery-jdstb20160925/css/style.css
INFO: [ app_init ] --START--
INFO: Run Behavior\BuildLiteBehavior [ RunTime:0.000000s ]
INFO: [ app_init ] --END-- [ RunTime:0.000000s ]
ERR: 无法加载模块:Public

[ 2016-11-22T15:24:20+08:00 ] 127.0.0.1 /wedding/Public/jquery-jdstb931920160925/jquery-jdstb20160925/js/main.js
INFO: [ app_init ] --START--
INFO: Run Behavior\BuildLiteBehavior [ RunTime:0.000000s ]
INFO: [ app_init ] --END-- [ RunTime:0.000000s ]
ERR: 无法加载模块:Public

[ 2016-11-22T15:25:24+08:00 ] 127.0.0.1 /wedding/Public/jquery-jdstb931920160925/jquery-jdstb20160925/css/style.css
INFO: [ app_init ] --START--
INFO: Run Behavior\BuildLiteBehavior [ RunTime:0.000000s ]
INFO: [ app_init ] --END-- [ RunTime:0.001000s ]
ERR: 无法加载模块:Public

[ 2016-11-22T15:25:24+08:00 ] 127.0.0.1 /wedding/Public/jquery-jdstb931920160925/jquery-jdstb20160925/js/main.js
INFO: [ app_init ] --START--
INFO: Run Behavior\BuildLiteBehavior [ RunTime:0.000000s ]
INFO: [ app_init ] --END-- [ RunTime:0.001000s ]
ERR: 无法加载模块:Public

[ 2016-11-22T15:26:43+08:00 ] 127.0.0.1 /wedding/Public/jquery-jdstb931920160925/jquery-jdstb20160925/js/main.js
INFO: [ app_init ] --START--
INFO: Run Behavior\BuildLiteBehavior [ RunTime:0.000000s ]
INFO: [ app_init ] --END-- [ RunTime:0.001000s ]
ERR: 无法加载模块:Public

[ 2016-11-22T15:26:43+08:00 ] 127.0.0.1 /wedding/Public/jquery-jdstb931920160925/jquery-jdstb20160925/css/style.css
INFO: [ app_init ] --START--
INFO: Run Behavior\BuildLiteBehavior [ RunTime:0.000000s ]
INFO: [ app_init ] --END-- [ RunTime:0.000000s ]
ERR: 无法加载模块:Public

[ 2016-11-22T15:26:43+08:00 ] 127.0.0.1 /wedding/Public/jquery-jdstb931920160925/jquery-jdstb20160925/js/main.js
INFO: [ app_init ] --START--
INFO: Run Behavior\BuildLiteBehavior [ RunTime:0.000000s ]
INFO: [ app_init ] --END-- [ RunTime:0.000000s ]
ERR: 无法加载模块:Public

[ 2016-11-22T15:27:38+08:00 ] 127.0.0.1 /wedding/Public/jquery-jdstb931920160925/jquery-jdstb20160925/css/style.css
INFO: [ app_init ] --START--
INFO: Run Behavior\BuildLiteBehavior [ RunTime:0.000000s ]
INFO: [ app_init ] --END-- [ RunTime:0.001000s ]
ERR: 无法加载模块:Public

[ 2016-11-22T15:27:38+08:00 ] 127.0.0.1 /wedding/Public/jquery-jdstb931920160925/jquery-jdstb20160925/js/main.js
INFO: [ app_init ] --START--
INFO: Run Behavior\BuildLiteBehavior [ RunTime:0.001000s ]
INFO: [ app_init ] --END-- [ RunTime:0.001000s ]
ERR: 无法加载模块:Public

[ 2016-11-22T15:28:38+08:00 ] 127.0.0.1 /wedding/Public/jquery-jdstb931920160925/jquery-jdstb20160925/css/style.css
INFO: [ app_init ] --START--
INFO: Run Behavior\BuildLiteBehavior [ RunTime:0.000000s ]
INFO: [ app_init ] --END-- [ RunTime:0.000000s ]
ERR: 无法加载模块:Public

[ 2016-11-22T15:28:38+08:00 ] 127.0.0.1 /wedding/Public/jquery-jdstb931920160925/jquery-jdstb20160925/js/main.js
INFO: [ app_init ] --START--
INFO: Run Behavior\BuildLiteBehavior [ RunTime:0.000000s ]
INFO: [ app_init ] --END-- [ RunTime:0.000000s ]
ERR: 无法加载模块:Public

[ 2016-11-22T15:29:40+08:00 ] 127.0.0.1 /wedding/Public/jquery-jdstb931920160925/jquery-jdstb20160925/css/style.css
INFO: [ app_init ] --START--
INFO: Run Behavior\BuildLiteBehavior [ RunTime:0.000000s ]
INFO: [ app_init ] --END-- [ RunTime:0.001000s ]
ERR: 无法加载模块:Public

[ 2016-11-22T15:29:40+08:00 ] 127.0.0.1 /wedding/Public/jquery-jdstb931920160925/jquery-jdstb20160925/js/main.js
INFO: [ app_init ] --START--
INFO: Run Behavior\BuildLiteBehavior [ RunTime:0.000000s ]
INFO: [ app_init ] --END-- [ RunTime:0.001000s ]
ERR: 无法加载模块:Public

[ 2016-11-22T15:29:40+08:00 ] 127.0.0.1 /wedding/Public/jquery-jdstb931920160925/jquery-jdstb20160925/js/main.js
INFO: [ app_init ] --START--
INFO: Run Behavior\BuildLiteBehavior [ RunTime:0.000000s ]
INFO: [ app_init ] --END-- [ RunTime:0.000000s ]
ERR: 无法加载模块:Public

[ 2016-11-22T15:30:02+08:00 ] 127.0.0.1 /wedding/Public/jquery-jdstb931920160925/jquery-jdstb20160925/css/style.css
INFO: [ app_init ] --START--
INFO: Run Behavior\BuildLiteBehavior [ RunTime:0.000000s ]
INFO: [ app_init ] --END-- [ RunTime:0.001000s ]
ERR: 无法加载模块:Public

[ 2016-11-22T15:30:02+08:00 ] 127.0.0.1 /wedding/Public/jquery-jdstb931920160925/jquery-jdstb20160925/js/main.js
INFO: [ app_init ] --START--
INFO: Run Behavior\BuildLiteBehavior [ RunTime:0.000000s ]
INFO: [ app_init ] --END-- [ RunTime:0.001000s ]
ERR: 无法加载模块:Public

[ 2016-11-22T15:30:07+08:00 ] 127.0.0.1 /wedding/Public/jquery-jdstb931920160925/jquery-jdstb20160925/css/style.css
INFO: [ app_init ] --START--
INFO: Run Behavior\BuildLiteBehavior [ RunTime:0.000000s ]
INFO: [ app_init ] --END-- [ RunTime:0.000000s ]
ERR: 无法加载模块:Public

[ 2016-11-22T15:30:07+08:00 ] 127.0.0.1 /wedding/Public/jquery-jdstb931920160925/jquery-jdstb20160925/js/main.js
INFO: [ app_init ] --START--
INFO: Run Behavior\BuildLiteBehavior [ RunTime:0.000000s ]
INFO: [ app_init ] --END-- [ RunTime:0.001000s ]
ERR: 无法加载模块:Public

[ 2016-11-22T15:30:07+08:00 ] 127.0.0.1 /wedding/Public/jquery-jdstb931920160925/jquery-jdstb20160925/js/main.js
INFO: [ app_init ] --START--
INFO: Run Behavior\BuildLiteBehavior [ RunTime:0.000000s ]
INFO: [ app_init ] --END-- [ RunTime:0.001001s ]
ERR: 无法加载模块:Public

[ 2016-11-22T15:38:56+08:00 ] 127.0.0.1 /wedding/Public/jquery-jdstb931920160925/jquery-jdstb20160925/js/main.js
INFO: [ app_init ] --START--
INFO: Run Behavior\BuildLiteBehavior [ RunTime:0.000000s ]
INFO: [ app_init ] --END-- [ RunTime:0.000000s ]
ERR: 无法加载模块:Public

[ 2016-11-22T15:38:56+08:00 ] 127.0.0.1 /wedding/Public/jquery-jdstb931920160925/jquery-jdstb20160925/css/style.css
INFO: [ app_init ] --START--
INFO: Run Behavior\BuildLiteBehavior [ RunTime:0.000000s ]
INFO: [ app_init ] --END-- [ RunTime:0.001001s ]
ERR: 无法加载模块:Public

[ 2016-11-22T15:38:56+08:00 ] 127.0.0.1 /wedding/Public/jquery-jdstb931920160925/jquery-jdstb20160925/js/main.js
INFO: [ app_init ] --START--
INFO: Run Behavior\BuildLiteBehavior [ RunTime:0.000000s ]
INFO: [ app_init ] --END-- [ RunTime:0.001000s ]
ERR: 无法加载模块:Public

[ 2016-11-22T16:21:35+08:00 ] 127.0.0.1 /wedding/Public/nepicture/1477982373551.jpg
INFO: [ app_init ] --START--
INFO: Run Behavior\BuildLiteBehavior [ RunTime:0.000000s ]
INFO: [ app_init ] --END-- [ RunTime:0.001000s ]
ERR: 无法加载模块:Public

[ 2016-11-22T16:21:35+08:00 ] 127.0.0.1 /wedding/Public/nepicture/1477982050263.jpg
INFO: [ app_init ] --START--
INFO: Run Behavior\BuildLiteBehavior [ RunTime:0.000000s ]
INFO: [ app_init ] --END-- [ RunTime:0.001000s ]
ERR: 无法加载模块:Public

[ 2016-11-22T16:21:35+08:00 ] 127.0.0.1 /wedding/Public/nepicture/1474447785767.jpg
INFO: [ app_init ] --START--
INFO: Run Behavior\BuildLiteBehavior [ RunTime:0.000000s ]
INFO: [ app_init ] --END-- [ RunTime:0.001000s ]
ERR: 无法加载模块:Public

[ 2016-11-22T16:21:36+08:00 ] 127.0.0.1 /wedding/Public/nepicture/1477982373551.jpg
INFO: [ app_init ] --START--
INFO: Run Behavior\BuildLiteBehavior [ RunTime:0.000000s ]
INFO: [ app_init ] --END-- [ RunTime:0.000000s ]
ERR: 无法加载模块:Public

[ 2016-11-22T16:21:36+08:00 ] 127.0.0.1 /wedding/Public/nepicture/1477982050263.jpg
INFO: [ app_init ] --START--
INFO: Run Behavior\BuildLiteBehavior [ RunTime:0.000000s ]
INFO: [ app_init ] --END-- [ RunTime:0.001000s ]
ERR: 无法加载模块:Public

[ 2016-11-22T16:21:36+08:00 ] 127.0.0.1 /wedding/Public/nepicture/1474447785767.jpg
INFO: [ app_init ] --START--
INFO: Run Behavior\BuildLiteBehavior [ RunTime:0.000000s ]
INFO: [ app_init ] --END-- [ RunTime:0.000000s ]
ERR: 无法加载模块:Public

[ 2016-11-22T16:22:27+08:00 ] 127.0.0.1 /wedding/Public/nepicture/1477982373551.jpg
INFO: [ app_init ] --START--
INFO: Run Behavior\BuildLiteBehavior [ RunTime:0.000000s ]
INFO: [ app_init ] --END-- [ RunTime:0.000000s ]
ERR: 无法加载模块:Public

[ 2016-11-22T16:22:27+08:00 ] 127.0.0.1 /wedding/Public/nepicture/1477982050263.jpg
INFO: [ app_init ] --START--
INFO: Run Behavior\BuildLiteBehavior [ RunTime:0.000000s ]
INFO: [ app_init ] --END-- [ RunTime:0.000000s ]
ERR: 无法加载模块:Public

[ 2016-11-22T16:22:27+08:00 ] 127.0.0.1 /wedding/Public/nepicture/1474447785767.jpg
INFO: [ app_init ] --START--
INFO: Run Behavior\BuildLiteBehavior [ RunTime:0.000000s ]
INFO: [ app_init ] --END-- [ RunTime:0.001000s ]
ERR: 无法加载模块:Public

[ 2016-11-22T16:22:27+08:00 ] 127.0.0.1 /wedding/Public/nepicture/1477982373551.jpg
INFO: [ app_init ] --START--
INFO: Run Behavior\BuildLiteBehavior [ RunTime:0.000000s ]
INFO: [ app_init ] --END-- [ RunTime:0.001001s ]
ERR: 无法加载模块:Public

[ 2016-11-22T16:24:11+08:00 ] 127.0.0.1 /wedding/Public/nepicture/1477982050263.jpg
INFO: [ app_init ] --START--
INFO: Run Behavior\BuildLiteBehavior [ RunTime:0.000000s ]
INFO: [ app_init ] --END-- [ RunTime:0.000000s ]
ERR: 无法加载模块:Public

[ 2016-11-22T16:24:11+08:00 ] 127.0.0.1 /wedding/Public/nepicture/1474447785767.jpg
INFO: [ app_init ] --START--
INFO: Run Behavior\BuildLiteBehavior [ RunTime:0.000000s ]
INFO: [ app_init ] --END-- [ RunTime:0.000000s ]
ERR: 无法加载模块:Public

[ 2016-11-22T16:24:11+08:00 ] 127.0.0.1 /wedding/Public/nepicture/1477982373551.jpg
INFO: [ app_init ] --START--
INFO: Run Behavior\BuildLiteBehavior [ RunTime:0.000000s ]
INFO: [ app_init ] --END-- [ RunTime:0.001000s ]
ERR: 无法加载模块:Public

[ 2016-11-22T16:24:12+08:00 ] 127.0.0.1 /wedding/Public/news/js/sea.js.map
INFO: [ app_init ] --START--
INFO: Run Behavior\BuildLiteBehavior [ RunTime:0.000000s ]
INFO: [ app_init ] --END-- [ RunTime:0.000000s ]
ERR: 无法加载模块:Public

[ 2016-11-22T16:24:12+08:00 ] 127.0.0.1 /wedding/Public/nepicture/1477982050263.jpg
INFO: [ app_init ] --START--
INFO: Run Behavior\BuildLiteBehavior [ RunTime:0.000000s ]
INFO: [ app_init ] --END-- [ RunTime:0.000000s ]
ERR: 无法加载模块:Public

[ 2016-11-22T16:24:12+08:00 ] 127.0.0.1 /wedding/Public/nepicture/1477982373551.jpg
INFO: [ app_init ] --START--
INFO: Run Behavior\BuildLiteBehavior [ RunTime:0.001000s ]
INFO: [ app_init ] --END-- [ RunTime:0.001000s ]
ERR: 无法加载模块:Public

[ 2016-11-22T16:24:12+08:00 ] 127.0.0.1 /wedding/Public/nepicture/1474447785767.jpg
INFO: [ app_init ] --START--
INFO: Run Behavior\BuildLiteBehavior [ RunTime:0.000000s ]
INFO: [ app_init ] --END-- [ RunTime:0.000000s ]
ERR: 无法加载模块:Public

[ 2016-11-22T16:24:27+08:00 ] 127.0.0.1 /wedding/Public/nepicture/1477982050263.jpg
INFO: [ app_init ] --START--
INFO: Run Behavior\BuildLiteBehavior [ RunTime:0.000000s ]
INFO: [ app_init ] --END-- [ RunTime:0.000000s ]
ERR: 无法加载模块:Public

[ 2016-11-22T16:24:27+08:00 ] 127.0.0.1 /wedding/Public/nepicture/1474447785767.jpg
INFO: [ app_init ] --START--
INFO: Run Behavior\BuildLiteBehavior [ RunTime:0.000000s ]
INFO: [ app_init ] --END-- [ RunTime:0.001000s ]
ERR: 无法加载模块:Public

[ 2016-11-22T16:24:27+08:00 ] 127.0.0.1 /wedding/Public/nepicture/1477982373551.jpg
INFO: [ app_init ] --START--
INFO: Run Behavior\BuildLiteBehavior [ RunTime:0.000000s ]
INFO: [ app_init ] --END-- [ RunTime:0.001000s ]
ERR: 无法加载模块:Public

[ 2016-11-22T16:24:27+08:00 ] 127.0.0.1 /wedding/Public/nepicture/1477982373551.jpg
INFO: [ app_init ] --START--
INFO: Run Behavior\BuildLiteBehavior [ RunTime:0.000000s ]
INFO: [ app_init ] --END-- [ RunTime:0.000000s ]
ERR: 无法加载模块:Public

[ 2016-11-22T16:24:27+08:00 ] 127.0.0.1 /wedding/Public/nepicture/1474447785767.jpg
INFO: [ app_init ] --START--
INFO: Run Behavior\BuildLiteBehavior [ RunTime:0.000000s ]
INFO: [ app_init ] --END-- [ RunTime:0.000000s ]
ERR: 无法加载模块:Public

[ 2016-11-22T16:24:27+08:00 ] 127.0.0.1 /wedding/Public/nepicture/1477982050263.jpg
INFO: [ app_init ] --START--
INFO: Run Behavior\BuildLiteBehavior [ RunTime:0.000000s ]
INFO: [ app_init ] --END-- [ RunTime:0.000000s ]
ERR: 无法加载模块:Public

[ 2016-11-22T16:27:37+08:00 ] 127.0.0.1 /wedding/Publicnews/picture/1479782631011.jpg
INFO: [ app_init ] --START--
INFO: Run Behavior\BuildLiteBehavior [ RunTime:0.000000s ]
INFO: [ app_init ] --END-- [ RunTime:0.000000s ]
ERR: 无法加载模块:Publicnews

[ 2016-11-22T16:27:37+08:00 ] 127.0.0.1 /wedding/Publicnews/picture/1479782631011.jpg
INFO: [ app_init ] --START--
INFO: Run Behavior\BuildLiteBehavior [ RunTime:0.000000s ]
INFO: [ app_init ] --END-- [ RunTime:0.000000s ]
ERR: 无法加载模块:Publicnews

[ 2016-11-22T16:33:39+08:00 ] 127.0.0.1 /wedding/Public/news/js/sea.js.map
INFO: [ app_init ] --START--
INFO: Run Behavior\BuildLiteBehavior [ RunTime:0.000000s ]
INFO: [ app_init ] --END-- [ RunTime:0.001000s ]
ERR: 无法加载模块:Public

[ 2016-11-22T16:36:17+08:00 ] 127.0.0.1 /wedding/Public/news/js/sea.js.map
INFO: [ app_init ] --START--
INFO: Run Behavior\BuildLiteBehavior [ RunTime:0.001000s ]
INFO: [ app_init ] --END-- [ RunTime:0.001000s ]
ERR: 无法加载模块:Public

[ 2016-11-22T16:36:49+08:00 ] 127.0.0.1 /wedding/Public/news/js/sea.js.map
INFO: [ app_init ] --START--
INFO: Run Behavior\BuildLiteBehavior [ RunTime:0.000000s ]
INFO: [ app_init ] --END-- [ RunTime:0.001000s ]
ERR: 无法加载模块:Public

[ 2016-11-22T16:38:17+08:00 ] 127.0.0.1 /wedding/Public/news/js/sea.js.map
INFO: [ app_init ] --START--
INFO: Run Behavior\BuildLiteBehavior [ RunTime:0.000000s ]
INFO: [ app_init ] --END-- [ RunTime:0.000000s ]
ERR: 无法加载模块:Public

[ 2016-11-22T16:38:18+08:00 ] 127.0.0.1 /wedding/Public/news/js/sea.js.map
INFO: [ app_init ] --START--
INFO: Run Behavior\BuildLiteBehavior [ RunTime:0.000000s ]
INFO: [ app_init ] --END-- [ RunTime:0.000000s ]
ERR: 无法加载模块:Public

